<?xml version="1.0" encoding="UTF-8"?>
<testng-results ignored="0" total="5" passed="5" failed="0" skipped="0">
  <reporter-output>
  </reporter-output>
  <suite started-at="2024-07-18T09:19:56Z" name="Default suite" finished-at="2024-07-18T09:20:12Z" duration-ms="16040">
    <groups>
    </groups>
    <test started-at="2024-07-18T09:19:56Z" name="Default test" finished-at="2024-07-18T09:20:12Z" duration-ms="16040">
      <class name="com.qa.opencart.test.HomePageTest">
        <test-method is-config="true" signature="setup()[pri:0, instance:com.qa.opencart.test.HomePageTest@49c66ade]" started-at="2024-07-18T09:19:56Z" name="setup" finished-at="2024-07-18T09:20:10Z" duration-ms="14370" status="PASS">
          <reporter-output>
          </reporter-output>
        </test-method> <!-- setup -->
        <test-method signature="homePageTitleTest()[pri:0, instance:com.qa.opencart.test.HomePageTest@49c66ade]" started-at="2024-07-18T09:20:10Z" name="homePageTitleTest" finished-at="2024-07-18T09:20:11Z" duration-ms="20" status="PASS">
          <reporter-output>
          </reporter-output>
        </test-method> <!-- homePageTitleTest -->
        <test-method signature="homePageURLTest()[pri:0, instance:com.qa.opencart.test.HomePageTest@49c66ade]" started-at="2024-07-18T09:20:11Z" name="homePageURLTest" finished-at="2024-07-18T09:20:11Z" duration-ms="2" status="PASS">
          <reporter-output>
          </reporter-output>
        </test-method> <!-- homePageURLTest -->
        <test-method signature="searchTest(java.lang.String)[pri:0, instance:com.qa.opencart.test.HomePageTest@49c66ade]" started-at="2024-07-18T09:20:11Z" name="searchTest" data-provider="getProductData" finished-at="2024-07-18T09:20:11Z" duration-ms="472" status="PASS">
          <params>
            <param index="0">
              <value>
                <![CDATA[Macbook]]>
              </value>
            </param>
          </params>
          <reporter-output>
          </reporter-output>
        </test-method> <!-- searchTest -->
        <test-method signature="searchTest(java.lang.String)[pri:0, instance:com.qa.opencart.test.HomePageTest@49c66ade]" started-at="2024-07-18T09:20:11Z" name="searchTest" data-provider="getProductData" finished-at="2024-07-18T09:20:12Z" duration-ms="671" status="PASS">
          <params>
            <param index="0">
              <value>
                <![CDATA[iMac]]>
              </value>
            </param>
          </params>
          <reporter-output>
          </reporter-output>
        </test-method> <!-- searchTest -->
        <test-method signature="searchTest(java.lang.String)[pri:0, instance:com.qa.opencart.test.HomePageTest@49c66ade]" started-at="2024-07-18T09:20:12Z" name="searchTest" data-provider="getProductData" finished-at="2024-07-18T09:20:12Z" duration-ms="471" status="PASS">
          <params>
            <param index="0">
              <value>
                <![CDATA[Samsung]]>
              </value>
            </param>
          </params>
          <reporter-output>
          </reporter-output>
        </test-method> <!-- searchTest -->
      </class> <!-- com.qa.opencart.test.HomePageTest -->
    </test> <!-- Default test -->
  </suite> <!-- Default suite -->
</testng-results>
